RedPacket/build/outputs/logs/manifest-merger-debug-report.txt
-- Merging decision tree log ---
manifest
ADDED from src\main\AndroidManifest.xml:1:1-79:12
INJECTED from src\main\AndroidManifest.xml:1:1-79:12
INJECTED from src\main\AndroidManifest.xml:1:1-79:12
INJECTED from src\main\AndroidManifest.xml:1:1-79:12
INJECTED from src\main\AndroidManifest.xml:1:1-79:12
INJECTED from src\main\AndroidManifest.xml:1:1-79:12
INJECTED from src\main\AndroidManifest.xml:1:1-79:12
	package
		ADDED from src\main\AndroidManifest.xml:2:11-38
		INJECTED from src\main\AndroidManifest.xml
		INJECTED from src\main\AndroidManifest.xml
	android:versionName
		INJECTED from src\main\AndroidManifest.xml
		ADDED from src\main\AndroidManifest.xml:1:1-79:12
		INJECTED from src\main\AndroidManifest.xml
	android:versionCode
		INJECTED from src\main\AndroidManifest.xml
		ADDED from src\main\AndroidManifest.xml:1:1-79:12
		INJECTED from src\main\AndroidManifest.xml
	xmlns:android
		ADDED from src\main\AndroidManifest.xml:1:11-69
application
ADDED from src\main\AndroidManifest.xml:14:5-77:19
activity#com.jrmf360.rylib.rp.ui.AddCardActivity
ADDED from src\main\AndroidManifest.xml:15:9-75
	android:name
		ADDED from src\main\AndroidManifest.xml:15:19-73
activity#com.jrmf360.rylib.rp.ui.AddCardFirsstActivity
ADDED from src\main\AndroidManifest.xml:16:9-17:51
	android:screenOrientation
		ADDED from src\main\AndroidManifest.xml:17:13-49
	android:name
		ADDED from src\main\AndroidManifest.xml:16:19-79
activity#com.jrmf360.rylib.rp.ui.AddCardSecondActivity
ADDED from src\main\AndroidManifest.xml:18:9-81
	android:name
		ADDED from src\main\AndroidManifest.xml:18:19-79
activity#com.jrmf360.rylib.rp.ui.BankCardListActivity
ADDED from src\main\AndroidManifest.xml:19:9-80
	android:name
		ADDED from src\main\AndroidManifest.xml:19:19-78
activity#com.jrmf360.rylib.rp.ui.EnBrowserActivity
ADDED from src\main\AndroidManifest.xml:20:9-21:71
	android:name
		ADDED from src\main\AndroidManifest.xml:21:13-69
activity#com.jrmf360.rylib.rp.ui.PayTypeActivity
ADDED from src\main\AndroidManifest.xml:22:9-25:57
	android:windowSoftInputMode
		ADDED from src\main\AndroidManifest.xml:25:13-55
	android:theme
		ADDED from src\main\AndroidManifest.xml:24:13-47
	android:name
		ADDED from src\main\AndroidManifest.xml:23:13-67
activity#com.jrmf360.rylib.rp.ui.RealNameActivity
ADDED from src\main\AndroidManifest.xml:26:9-76
	android:name
		ADDED from src\main\AndroidManifest.xml:26:19-74
activity#com.jrmf360.rylib.rp.ui.ResetPswdActivity
ADDED from src\main\AndroidManifest.xml:27:9-77
	android:name
		ADDED from src\main\AndroidManifest.xml:27:19-75
activity#com.jrmf360.rylib.rp.ui.SendGroupEnvelopesActivity
ADDED from src\main\AndroidManifest.xml:28:9-86
	android:name
		ADDED from src\main\AndroidManifest.xml:28:19-84
activity#com.jrmf360.rylib.rp.ui.SendSingleEnvelopesActivity
ADDED from src\main\AndroidManifest.xml:29:9-87
	android:name
		ADDED from src\main\AndroidManifest.xml:29:19-85
activity#com.jrmf360.rylib.rp.ui.SettingPswdActivity
ADDED from src\main\AndroidManifest.xml:30:9-79
	android:name
		ADDED from src\main\AndroidManifest.xml:30:19-77
activity#com.jrmf360.rylib.rp.ui.RpDetailActivity
ADDED from src\main\AndroidManifest.xml:31:9-76
	android:name
		ADDED from src\main\AndroidManifest.xml:31:19-74
activity#com.jrmf360.rylib.rp.ui.MyRpActivity
ADDED from src\main\AndroidManifest.xml:32:9-72
	android:name
		ADDED from src\main\AndroidManifest.xml:32:19-70
activity#com.jrmf360.rylib.rp.ui.FindPwdByInfoActivity
ADDED from src\main\AndroidManifest.xml:33:9-81
	android:name
		ADDED from src\main\AndroidManifest.xml:33:19-79
activity#com.jrmf360.rylib.wallet.ui.MyWalletActivity
ADDED from src\main\AndroidManifest.xml:36:9-80
	android:name
		ADDED from src\main\AndroidManifest.xml:36:19-78
activity#com.jrmf360.rylib.wallet.ui.AccountInfoActivity
ADDED from src\main\AndroidManifest.xml:37:9-83
	android:name
		ADDED from src\main\AndroidManifest.xml:37:19-81
activity#com.jrmf360.rylib.wallet.ui.TradeHistoryActivity
ADDED from src\main\AndroidManifest.xml:38:9-84
	android:name
		ADDED from src\main\AndroidManifest.xml:38:19-82
activity#com.jrmf360.rylib.wallet.ui.SecureSettingActivity
ADDED from src\main\AndroidManifest.xml:39:9-85
	android:name
		ADDED from src\main\AndroidManifest.xml:39:19-83
activity#com.jrmf360.rylib.wallet.ui.SetPayPwdActivity
ADDED from src\main\AndroidManifest.xml:40:9-81
	android:name
		ADDED from src\main\AndroidManifest.xml:40:19-79
activity#com.jrmf360.rylib.wallet.ui.IdentityAuthenActivity
ADDED from src\main\AndroidManifest.xml:41:9-86
	android:name
		ADDED from src\main\AndroidManifest.xml:41:19-84
activity#com.jrmf360.rylib.wallet.ui.UpdatePwdActivity
ADDED from src\main\AndroidManifest.xml:42:9-81
	android:name
		ADDED from src\main\AndroidManifest.xml:42:19-79
activity#com.jrmf360.rylib.wallet.ui.GetPwdActivity
ADDED from src\main\AndroidManifest.xml:43:9-78
	android:name
		ADDED from src\main\AndroidManifest.xml:43:19-76
activity#com.jrmf360.rylib.wallet.ui.SupportBankCardActivity
ADDED from src\main\AndroidManifest.xml:44:9-87
	android:name
		ADDED from src\main\AndroidManifest.xml:44:19-85
activity#com.jrmf360.rylib.wallet.ui.BankSettingActivity
ADDED from src\main\AndroidManifest.xml:45:9-83
	android:name
		ADDED from src\main\AndroidManifest.xml:45:19-81
activity#com.jrmf360.rylib.wallet.ui.AddCardSecondActivity
ADDED from src\main\AndroidManifest.xml:46:9-85
	android:name
		ADDED from src\main\AndroidManifest.xml:46:19-83
activity#com.jrmf360.rylib.wallet.ui.AddCardFirstActivity
ADDED from src\main\AndroidManifest.xml:47:9-84
	android:name
		ADDED from src\main\AndroidManifest.xml:47:19-82
activity#com.jrmf360.rylib.wallet.ui.RechargeActivity
ADDED from src\main\AndroidManifest.xml:48:9-80
	android:name
		ADDED from src\main\AndroidManifest.xml:48:19-78
activity#com.jrmf360.rylib.wallet.ui.GetDepositActivity
ADDED from src\main\AndroidManifest.xml:49:9-82
	android:name
		ADDED from src\main\AndroidManifest.xml:49:19-80
activity#com.jrmf360.rylib.wallet.ui.PwdCheckActivity
ADDED from src\main\AndroidManifest.xml:50:9-80
	android:name
		ADDED from src\main\AndroidManifest.xml:50:19-78
activity#com.jrmf360.rylib.wallet.ui.MyRpActivity
ADDED from src\main\AndroidManifest.xml:51:9-76
	android:name
		ADDED from src\main\AndroidManifest.xml:51:19-74
activity#com.jrmf360.rylib.wallet.ui.SelectSubBankActivity
ADDED from src\main\AndroidManifest.xml:52:9-85
	android:name
		ADDED from src\main\AndroidManifest.xml:52:19-83
activity#com.jrmf360.rylib.wallet.ui.WebViewActivity
ADDED from src\main\AndroidManifest.xml:53:9-79
	android:name
		ADDED from src\main\AndroidManifest.xml:53:19-77
activity#com.jrmf360.rylib.wallet.ui.TradeDetailActivity
ADDED from src\main\AndroidManifest.xml:54:9-83
	android:name
		ADDED from src\main\AndroidManifest.xml:54:19-81
activity#com.alipay.sdk.app.H5PayActivity
ADDED from src\main\AndroidManifest.xml:60:9-67:20
	android:screenOrientation
		ADDED from src\main\AndroidManifest.xml:64:13-47
	android:windowSoftInputMode
		ADDED from src\main\AndroidManifest.xml:65:13-67
	android:exported
		ADDED from src\main\AndroidManifest.xml:63:13-37
	android:configChanges
		ADDED from src\main\AndroidManifest.xml:62:13-85
	android:name
		ADDED from src\main\AndroidManifest.xml:61:13-60
activity#com.alipay.sdk.auth.AuthActivity
ADDED from src\main\AndroidManifest.xml:68:9-74:20
	android:screenOrientation
		ADDED from src\main\AndroidManifest.xml:72:13-47
	android:exported
		ADDED from src\main\AndroidManifest.xml:71:13-37
	android:configChanges
		ADDED from src\main\AndroidManifest.xml:70:13-74
	android:name
		ADDED from src\main\AndroidManifest.xml:69:13-60
uses-sdk
INJECTED from src\main\AndroidManifest.xml reason: use-sdk injection requested
INJECTED from src\main\AndroidManifest.xml
INJECTED from src\main\AndroidManifest.xml
INJECTED from src\main\AndroidManifest.xml
INJECTED from src\main\AndroidManifest.xml
	android:targetSdkVersion
		INJECTED from src\main\AndroidManifest.xml
		ADDED from src\main\AndroidManifest.xml
		INJECTED from src\main\AndroidManifest.xml
	android:minSdkVersion
		INJECTED from src\main\AndroidManifest.xml
		ADDED from src\main\AndroidManifest.xml
		INJECTED from src\main\AndroidManifest.xml